<?xml version="1.0" encoding="UTF-8"?>
<!-- Generated by org.testng.reporters.JUnitReportReporter -->
<testsuite hostname="ASUS-PC" failures="0" tests="7" name="com.automation.testcases.TestClass_TryHere" time="40.465" errors="0" timestamp="2021-11-23T14:09:23 EST" skipped="0">
  <testcase classname="com.automation.testcases.TestClass_TryHere" name="ChooseIntroduction_LL_Check_Links_On_Page" time="6.758"/>
  <system-out>
    <![CDATA[SyntaxError: bad input on line 1texteditor alert handled
http://dsportalapp.herokuapp.com/linked-list/practicePractice Page URL Works
http://dsportalapp.herokuapp.com/linked-list/introduction/]]>
  </system-out>
  <testcase classname="com.automation.testcases.TestClass_TryHere" name="Creating_Linked_List" time="6.139"/>
  <system-out>
    <![CDATA[SyntaxError: bad input on line 1texteditor alert handled
http://dsportalapp.herokuapp.com/linked-list/practicePractice Page URL Works
http://dsportalapp.herokuapp.com/linked-list/creating-linked-list/]]>
  </system-out>
  <testcase classname="com.automation.testcases.TestClass_TryHere" name="Types_Of_Linked_List" time="5.663"/>
  <system-out>
    <![CDATA[SyntaxError: bad input on line 1texteditor alert handled
http://dsportalapp.herokuapp.com/linked-list/practicePractice Page URL Works
http://dsportalapp.herokuapp.com/linked-list/types-of-linked-list/]]>
  </system-out>
  <testcase classname="com.automation.testcases.TestClass_TryHere" name="Implement_Linked_List_In_Python" time="5.397"/>
  <system-out>
    <![CDATA[SyntaxError: bad input on line 1texteditor alert handled
http://dsportalapp.herokuapp.com/linked-list/practicePractice Page URL Works
http://dsportalapp.herokuapp.com/linked-list/implement-linked-list-in-python/]]>
  </system-out>
  <testcase classname="com.automation.testcases.TestClass_TryHere" name="Traversal" time="5.321"/>
  <system-out>
    <![CDATA[SyntaxError: bad input on line 1texteditor alert handled
http://dsportalapp.herokuapp.com/linked-list/practicePractice Page URL Works
http://dsportalapp.herokuapp.com/linked-list/traversal/]]>
  </system-out>
  <testcase classname="com.automation.testcases.TestClass_TryHere" name="Insertion" time="5.888"/>
  <system-out>
    <![CDATA[SyntaxError: bad input on line 1texteditor alert handled
http://dsportalapp.herokuapp.com/linked-list/practicePractice Page URL Works
http://dsportalapp.herokuapp.com/linked-list/insertion-in-linked-list/]]>
  </system-out>
  <testcase classname="com.automation.testcases.TestClass_TryHere" name="Deletion" time="5.299"/>
  <system-out>
    <![CDATA[SyntaxError: bad input on line 1texteditor alert handled
http://dsportalapp.herokuapp.com/linked-list/practicePractice Page URL Works
http://dsportalapp.herokuapp.com/linked-list/deletion-in-linked-list/]]>
  </system-out>
</testsuite> <!-- com.automation.testcases.TestClass_TryHere -->
