<?xml version="1.0" encoding="UTF-8"?>
<!-- Generated by org.testng.reporters.JUnitReportReporter -->
<testsuite hostname="ASUS-PC" failures="0" tests="4" name="com.automation.testcases.Test_TypesOfLinkListsPage" time="29.039" errors="0" timestamp="2021-11-23T17:17:59 EST" skipped="0">
  <testcase classname="com.automation.testcases.Test_TypesOfLinkListsPage" name="Single_Link_List_Intro_Page" time="12.937"/>
  <system-out>
    <![CDATA[https://www.javatpoint.com/singly-linked-listSinlgle Linked List Works]]>
  </system-out>
  <testcase classname="com.automation.testcases.Test_TypesOfLinkListsPage" name="Linked_list_jp" time="5.361"/>
  <system-out>
    <![CDATA[https://www.javatpoint.com/ds-linked-listDS Linked List Works]]>
  </system-out>
  <testcase classname="com.automation.testcases.Test_TypesOfLinkListsPage" name="JP_Types_Of_Linked_List" time="5.031"/>
  <system-out>
    <![CDATA[https://www.javatpoint.com/ds-types-of-linked-listTypes Link Works]]>
  </system-out>
  <testcase classname="com.automation.testcases.Test_TypesOfLinkListsPage" name="Double_Link_List_jp" time="5.710"/>
  <system-out>
    <![CDATA[https://www.javatpoint.com/doubly-linked-listDoubly Linked Link Works]]>
  </system-out>
</testsuite> <!-- com.automation.testcases.Test_TypesOfLinkListsPage -->
