<?xml version="1.0" encoding="UTF-8"?>
<!-- Generated by org.testng.reporters.JUnitReportReporter -->
<testsuite hostname="ASUS-PC" failures="0" tests="2" name="com.automation.testcases.Registration" time="12.513" errors="0" timestamp="2021-11-22T19:33:46 EST" skipped="0">
  <testcase classname="com.automation.testcases.Registration" name="f" time="0.136"/>
  <system-out/>
  <testcase classname="com.automation.testcases.Registration" name="Rapp" time="12.377"/>
  <system-out>
    <![CDATA[Page url : Registration
Username value is entered
Password value is entered
Password value is entered
Submit button is entered
Invalid Credentials.You will be directed to login page]]>
  </system-out>
</testsuite> <!-- com.automation.testcases.Registration -->
