<?xml version="1.0" encoding="UTF-8"?>
<!-- Generated by org.testng.reporters.JUnitReportReporter -->
<testsuite hostname="ASUS-PC" failures="0" tests="7" name="com.automation.testcases.TestClass_Introduction_TryHere" time="38.629" errors="0" timestamp="2021-11-22T19:22:09 EST" skipped="0">
  <testcase classname="com.automation.testcases.TestClass_Introduction_TryHere" name="ChooseIntroduction_LL_Check_Links_On_Page" time="6.714"/>
  <system-out>
    <![CDATA[SyntaxError: bad input on line 1texteditor alert handled
http://dsportalapp.herokuapp.com/linked-list/practicePractice Page URL for Introduction Works]]>
  </system-out>
  <testcase classname="com.automation.testcases.TestClass_Introduction_TryHere" name="Creating_Linked_List" time="5.570"/>
  <system-out>
    <![CDATA[SyntaxError: bad input on line 1texteditor alert handled
http://dsportalapp.herokuapp.com/linked-list/practicePractice Page URL for Introduction Works]]>
  </system-out>
  <testcase classname="com.automation.testcases.TestClass_Introduction_TryHere" name="Types_Of_Linked_List" time="5.326"/>
  <system-out>
    <![CDATA[SyntaxError: bad input on line 1texteditor alert handled
http://dsportalapp.herokuapp.com/linked-list/practicePractice Page URL for Introduction Works]]>
  </system-out>
  <testcase classname="com.automation.testcases.TestClass_Introduction_TryHere" name="Implement_Linked_List_In_Python" time="5.268"/>
  <system-out>
    <![CDATA[SyntaxError: bad input on line 1texteditor alert handled
http://dsportalapp.herokuapp.com/linked-list/practicePractice Page URL for Introduction Works]]>
  </system-out>
  <testcase classname="com.automation.testcases.TestClass_Introduction_TryHere" name="Traversal" time="5.289"/>
  <system-out>
    <![CDATA[SyntaxError: bad input on line 1texteditor alert handled
http://dsportalapp.herokuapp.com/linked-list/practicePractice Page URL for Introduction Works]]>
  </system-out>
  <testcase classname="com.automation.testcases.TestClass_Introduction_TryHere" name="Insertion" time="5.200"/>
  <system-out>
    <![CDATA[SyntaxError: bad input on line 1texteditor alert handled
http://dsportalapp.herokuapp.com/linked-list/practicePractice Page URL for Introduction Works]]>
  </system-out>
  <testcase classname="com.automation.testcases.TestClass_Introduction_TryHere" name="Deletion" time="5.262"/>
  <system-out>
    <![CDATA[SyntaxError: bad input on line 1texteditor alert handled
http://dsportalapp.herokuapp.com/linked-list/practicePractice Page URL for Introduction Works]]>
  </system-out>
</testsuite> <!-- com.automation.testcases.TestClass_Introduction_TryHere -->
