<?xml version="1.0" encoding="UTF-8"?>
<!-- Generated by org.testng.reporters.JUnitReportReporter -->
<testsuite hostname="ASUS-PC" failures="0" tests="1" name="com.automation.testcases.TestLinks" time="18.310" errors="0" timestamp="2021-11-22T10:42:14 EST" skipped="0">
  <testcase classname="com.automation.testcases.TestLinks" name="Various_Links_Page_Check" time="18.310"/>
  <system-out>
    <![CDATA[The Introduction Link Works
Creating_Linked_List Link Works
Types Link Works
Implemented Linked Lists Links Works 
Traversal Link Works
Insertion Link Works
Deletion Works]]>
  </system-out>
</testsuite> <!-- com.automation.testcases.TestLinks -->
