<?xml version="1.0" encoding="UTF-8"?>
<!-- Generated by org.testng.reporters.JUnitReportReporter -->
<testsuite hostname="ASUS-PC" failures="0" tests="7" name="com.automation.testcases.TestLinks_AllLinkedLists_Options" time="20.267" errors="0" timestamp="2021-11-23T17:08:08 EST" skipped="0">
  <testcase classname="com.automation.testcases.TestLinks_AllLinkedLists_Options" name="Introduction_Check" time="3.464"/>
  <system-out>
    <![CDATA[The Introduction Link Navigation Workshttp://dsportalapp.herokuapp.com/linked-list/introduction/]]>
  </system-out>
  <testcase classname="com.automation.testcases.TestLinks_AllLinkedLists_Options" name="Creating_Linked_List_Check" time="2.700"/>
  <system-out>
    <![CDATA[Creating_Linked_List Navigation Workshttp://dsportalapp.herokuapp.com/linked-list/creating-linked-list/]]>
  </system-out>
  <testcase classname="com.automation.testcases.TestLinks_AllLinkedLists_Options" name="Types_Of_Linked_List" time="3.036"/>
  <system-out>
    <![CDATA[Types Link Navigation Workshttp://dsportalapp.herokuapp.com/linked-list/types-of-linked-list/]]>
  </system-out>
  <testcase classname="com.automation.testcases.TestLinks_AllLinkedLists_Options" name="Implement_Linked_List_In_Python" time="2.482"/>
  <system-out>
    <![CDATA[Implemented Linked Lists Links Navigation Works http://dsportalapp.herokuapp.com/linked-list/implement-linked-list-in-python/]]>
  </system-out>
  <testcase classname="com.automation.testcases.TestLinks_AllLinkedLists_Options" name="Traversal" time="3.473"/>
  <system-out>
    <![CDATA[Traversal Link Navigation Workshttp://dsportalapp.herokuapp.com/linked-list/traversal/]]>
  </system-out>
  <testcase classname="com.automation.testcases.TestLinks_AllLinkedLists_Options" name="Insertion" time="2.744"/>
  <system-out>
    <![CDATA[Insertion Link Navigation Workshttp://dsportalapp.herokuapp.com/linked-list/insertion-in-linked-list/]]>
  </system-out>
  <testcase classname="com.automation.testcases.TestLinks_AllLinkedLists_Options" name="Deletion" time="2.368"/>
  <system-out>
    <![CDATA[Deletion Link Navigation Workshttp://dsportalapp.herokuapp.com/linked-list/deletion-in-linked-list/]]>
  </system-out>
</testsuite> <!-- com.automation.testcases.TestLinks_AllLinkedLists_Options -->
