<?xml version="1.0" encoding="UTF-8"?>
<!-- Generated by org.testng.reporters.JUnitReportReporter -->
<testsuite hostname="ASUS-PC" failures="0" tests="1" name="com.automation.testcases.TestClass$SampleTests" time="7.409" errors="0" timestamp="2021-11-22T10:45:34 EST" skipped="0">
  <testcase classname="com.automation.testcases.TestClass$SampleTests" name="ChooseIntroduction_LL_Check_Links_On_Page" time="7.409"/>
  <system-out>
    <![CDATA[SyntaxError: bad input on line 1texteditor alert handled
http://dsportalapp.herokuapp.com/linked-list/practicePractice Page URL for Introduction Works]]>
  </system-out>
</testsuite> <!-- com.automation.testcases.TestClass$SampleTests -->
