<?xml version="1.0" encoding="UTF-8"?>
<!-- Generated by org.testng.reporters.JUnitReportReporter -->
<testsuite hostname="ASUS-PC" failures="0" tests="1" name="com.automation.pages.BaseClass_dsalgo18" time="0.754" errors="0" timestamp="21 Nov 2021 04:21:11 GMT" skipped="0">
  <testcase classname="com.automation.pages.BaseClass_dsalgo18" name="f" time="0.754"/>
</testsuite> <!-- com.automation.pages.BaseClass_dsalgo18 -->
