<?xml version="1.0" encoding="UTF-8"?>
<!-- Generated by org.testng.reporters.JUnitReportReporter -->
<testsuite hostname="ASUS-PC" failures="0" tests="1" name="com.automation.testcases.Test_Registration_Excel_DD" time="12.614" errors="0" timestamp="2021-11-23T16:10:34 EST" skipped="0">
  <testcase classname="com.automation.testcases.Test_Registration_Excel_DD" name="Rapp" time="12.614"/>
  <system-out>
    <![CDATA[Page url : Registration
Username value is picked from excel sheet and entered on the registration page
Password value is picked from excel sheet and entered on the registration page
Password value is entered again for confirmation
Submit button is entered
Invalid Credentials.You will be directed to login page]]>
  </system-out>
</testsuite> <!-- com.automation.testcases.Test_Registration_Excel_DD -->
