<?xml version="1.0" encoding="UTF-8"?>
<!-- Generated by org.testng.reporters.JUnitReportReporter -->
<testsuite hostname="ASUS-PC" failures="0" tests="1" name="com.automation.pages.BaseClass" time="0.173" errors="0" timestamp="2021-11-22T19:32:40 EST" skipped="0">
  <testcase classname="com.automation.pages.BaseClass" name="f" time="0.173"/>
  <system-out/>
</testsuite> <!-- com.automation.pages.BaseClass -->
