<?xml version="1.0" encoding="UTF-8"?>
<!-- Generated by org.testng.reporters.JUnitReportReporter -->
<testsuite hostname="ASUS-PC" failures="0" tests="1" name="com.automation.testcases.TypesOfLinkListsPage" time="33.701" errors="0" timestamp="2021-11-22T17:57:13 EST" skipped="0">
  <testcase classname="com.automation.testcases.TypesOfLinkListsPage" name="CheckLinks" time="33.701"/>
  <system-out>
    <![CDATA[https://www.javatpoint.com/singly-linked-listSinlgle Linked List Works
https://www.javatpoint.com/ds-linked-listDS Linked List Works
[[ChromeDriver: chrome on WINDOWS (724f092f4a79303fa39cf7b648842328)] -> xpath: /html/body/div[2]/div/div[2]/p[4]/strong[1]/a]Doubly Linked Link Works
[[ChromeDriver: chrome on WINDOWS (724f092f4a79303fa39cf7b648842328)] -> xpath: /html/body/div[2]/div/div[2]/p[4]/strong[1]/a]Types Link Works]]>
  </system-out>
</testsuite> <!-- com.automation.testcases.TypesOfLinkListsPage -->
